# JRE version: OpenJDK Runtime Environment (8.0_112-b06) (build 1.8.0_112-release-b06)
# Java VM: OpenJDK 64-Bit Server VM (25.112-b06 mixed mode windows-amd64 compressed oops)
Heap:
 PSYoungGen      total 200192K, used 87321K [0x00000000e0000000, 0x00000000ee580000, 0x0000000100000000)
  eden space 187392K, 39% used [0x00000000e0000000,0x00000000e48cc930,0x00000000eb700000)
  from space 12800K, 99% used [0x00000000ed900000,0x00000000ee579dd8,0x00000000ee580000)
  to   space 14336K, 0% used [0x00000000ec980000,0x00000000ec980000,0x00000000ed780000)
 ParOldGen       total 70144K, used 15785K [0x00000000a0000000, 0x00000000a4480000, 0x00000000e0000000)
  object space 70144K, 22% used [0x00000000a0000000,0x00000000a0f6a4a8,0x00000000a4480000)
 Metaspace       used 49241K, capacity 50300K, committed 50432K, reserved 1093632K
  class space    used 6511K, capacity 6788K, committed 6912K, reserved 1048576K
GC Heap History (10 events):
Event: 16.384 GC heap before
{Heap before GC invocations=6 (full 1):
 PSYoungGen      total 68608K, used 63488K [0x00000000e0000000, 0x00000000e4800000, 0x0000000100000000)
  eden space 63488K, 100% used [0x00000000e0000000,0x00000000e3e00000,0x00000000e3e00000)
  from space 5120K, 0% used [0x00000000e4300000,0x00000000e4300000,0x00000000e4800000)
  to   space 5120K, 0% used [0x00000000e3e00000,0x00000000e3e00000,0x00000000e4300000)
 ParOldGen       total 51200K, used 9732K [0x00000000a0000000, 0x00000000a3200000, 0x00000000e0000000)
  object space 51200K, 19% used [0x00000000a0000000,0x00000000a0981060,0x00000000a3200000)
 Metaspace       used 27448K, capacity 27982K, committed 28160K, reserved 1073152K
  class space    used 3632K, capacity 3820K, committed 3840K, reserved 1048576K
Event: 16.411 GC heap after
Heap after GC invocations=6 (full 1):
 PSYoungGen      total 68608K, used 5095K [0x00000000e0000000, 0x00000000e8a80000, 0x0000000100000000)
  eden space 63488K, 0% used [0x00000000e0000000,0x00000000e0000000,0x00000000e3e00000)
  from space 5120K, 99% used [0x00000000e3e00000,0x00000000e42f9ff8,0x00000000e4300000)
  to   space 11776K, 0% used [0x00000000e7f00000,0x00000000e7f00000,0x00000000e8a80000)
 ParOldGen       total 51200K, used 13124K [0x00000000a0000000, 0x00000000a3200000, 0x00000000e0000000)
  object space 51200K, 25% used [0x00000000a0000000,0x00000000a0cd1338,0x00000000a3200000)
 Metaspace       used 27448K, capacity 27982K, committed 28160K, reserved 1073152K
  class space    used 3632K, capacity 3820K, committed 3840K, reserved 1048576K
}
Event: 19.068 GC heap before
{Heap before GC invocations=7 (full 1):
 PSYoungGen      total 68608K, used 68583K [0x00000000e0000000, 0x00000000e8a80000, 0x0000000100000000)
  eden space 63488K, 100% used [0x00000000e0000000,0x00000000e3e00000,0x00000000e3e00000)
  from space 5120K, 99% used [0x00000000e3e00000,0x00000000e42f9ff8,0x00000000e4300000)
  to   space 11776K, 0% used [0x00000000e7f00000,0x00000000e7f00000,0x00000000e8a80000)
 ParOldGen       total 51200K, used 13124K [0x00000000a0000000, 0x00000000a3200000, 0x00000000e0000000)
  object space 51200K, 25% used [0x00000000a0000000,0x00000000a0cd1338,0x00000000a3200000)
 Metaspace       used 32574K, capacity 33126K, committed 33280K, reserved 1077248K
  class space    used 4373K, capacity 4546K, committed 4608K, reserved 1048576K
Event: 19.093 GC heap after
Heap after GC invocations=7 (full 1):
 PSYoungGen      total 128000K, used 10068K [0x00000000e0000000, 0x00000000e8a80000, 0x0000000100000000)
  eden space 116224K, 0% used [0x00000000e0000000,0x00000000e0000000,0x00000000e7180000)
  from space 11776K, 85% used [0x00000000e7f00000,0x00000000e88d5188,0x00000000e8a80000)
  to   space 12800K, 0% used [0x00000000e7180000,0x00000000e7180000,0x00000000e7e00000)
 ParOldGen       total 51200K, used 13196K [0x00000000a0000000, 0x00000000a3200000, 0x00000000e0000000)
  object space 51200K, 25% used [0x00000000a0000000,0x00000000a0ce3348,0x00000000a3200000)
 Metaspace       used 32574K, capacity 33126K, committed 33280K, reserved 1077248K
  class space    used 4373K, capacity 4546K, committed 4608K, reserved 1048576K
}
Event: 22.862 GC heap before
{Heap before GC invocations=8 (full 1):
 PSYoungGen      total 128000K, used 57682K [0x00000000e0000000, 0x00000000e8a80000, 0x0000000100000000)
  eden space 116224K, 40% used [0x00000000e0000000,0x00000000e2e7f728,0x00000000e7180000)
  from space 11776K, 85% used [0x00000000e7f00000,0x00000000e88d5188,0x00000000e8a80000)
  to   space 12800K, 0% used [0x00000000e7180000,0x00000000e7180000,0x00000000e7e00000)
 ParOldGen       total 51200K, used 13196K [0x00000000a0000000, 0x00000000a3200000, 0x00000000e0000000)
  object space 51200K, 25% used [0x00000000a0000000,0x00000000a0ce3348,0x00000000a3200000)
 Metaspace       used 34630K, capacity 35362K, committed 35496K, reserved 1079296K
  class space    used 4590K, capacity 4781K, committed 4864K, reserved 1048576K
Event: 22.917 GC heap after
Heap after GC invocations=8 (full 1):
 PSYoungGen      total 129024K, used 9452K [0x00000000e0000000, 0x00000000ee580000, 0x0000000100000000)
  eden space 116224K, 0% used [0x00000000e0000000,0x00000000e0000000,0x00000000e7180000)
  from space 12800K, 73% used [0x00000000e7180000,0x00000000e7abb2e8,0x00000000e7e00000)
  to   space 12800K, 0% used [0x00000000ed900000,0x00000000ed900000,0x00000000ee580000)
 ParOldGen       total 51200K, used 13204K [0x00000000a0000000, 0x00000000a3200000, 0x00000000e0000000)
  object space 51200K, 25% used [0x00000000a0000000,0x00000000a0ce5348,0x00000000a3200000)
 Metaspace       used 34630K, capacity 35362K, committed 35496K, reserved 1079296K
  class space    used 4590K, capacity 4781K, committed 4864K, reserved 1048576K
}
Event: 22.917 GC heap before
{Heap before GC invocations=9 (full 2):
 PSYoungGen      total 129024K, used 9452K [0x00000000e0000000, 0x00000000ee580000, 0x0000000100000000)
  eden space 116224K, 0% used [0x00000000e0000000,0x00000000e0000000,0x00000000e7180000)
  from space 12800K, 73% used [0x00000000e7180000,0x00000000e7abb2e8,0x00000000e7e00000)
  to   space 12800K, 0% used [0x00000000ed900000,0x00000000ed900000,0x00000000ee580000)
 ParOldGen       total 51200K, used 13204K [0x00000000a0000000, 0x00000000a3200000, 0x00000000e0000000)
  object space 51200K, 25% used [0x00000000a0000000,0x00000000a0ce5348,0x00000000a3200000)
 Metaspace       used 34630K, capacity 35362K, committed 35496K, reserved 1079296K
  class space    used 4590K, capacity 4781K, committed 4864K, reserved 1048576K
Event: 23.229 GC heap after
Heap after GC invocations=9 (full 2):
 PSYoungGen      total 129024K, used 0K [0x00000000e0000000, 0x00000000ee580000, 0x0000000100000000)
  eden space 116224K, 0% used [0x00000000e0000000,0x00000000e0000000,0x00000000e7180000)
  from space 12800K, 0% used [0x00000000e7180000,0x00000000e7180000,0x00000000e7e00000)
  to   space 12800K, 0% used [0x00000000ed900000,0x00000000ed900000,0x00000000ee580000)
 ParOldGen       total 70144K, used 15777K [0x00000000a0000000, 0x00000000a4480000, 0x00000000e0000000)
  object space 70144K, 22% used [0x00000000a0000000,0x00000000a0f684a8,0x00000000a4480000)
 Metaspace       used 34578K, capacity 35244K, committed 35496K, reserved 1079296K
  class space    used 4574K, capacity 4763K, committed 4864K, reserved 1048576K
}
Event: 25.996 GC heap before
{Heap before GC invocations=10 (full 2):
 PSYoungGen      total 129024K, used 116224K [0x00000000e0000000, 0x00000000ee580000, 0x0000000100000000)
  eden space 116224K, 100% used [0x00000000e0000000,0x00000000e7180000,0x00000000e7180000)
  from space 12800K, 0% used [0x00000000e7180000,0x00000000e7180000,0x00000000e7e00000)
  to   space 12800K, 0% used [0x00000000ed900000,0x00000000ed900000,0x00000000ee580000)
 ParOldGen       total 70144K, used 15777K [0x00000000a0000000, 0x00000000a4480000, 0x00000000e0000000)
  object space 70144K, 22% used [0x00000000a0000000,0x00000000a0f684a8,0x00000000a4480000)
 Metaspace       used 43193K, capacity 44084K, committed 44160K, reserved 1087488K
  class space    used 5746K, capacity 5998K, committed 6016K, reserved 1048576K
Event: 26.027 GC heap after
Heap after GC invocations=10 (full 2):
 PSYoungGen      total 200192K, used 12775K [0x00000000e0000000, 0x00000000ee580000, 0x0000000100000000)
  eden space 187392K, 0% used [0x00000000e0000000,0x00000000e0000000,0x00000000eb700000)
  from space 12800K, 99% used [0x00000000ed900000,0x00000000ee579dd8,0x00000000ee580000)
  to   space 14336K, 0% used [0x00000000ec980000,0x00000000ec980000,0x00000000ed780000)
 ParOldGen       total 70144K, used 15785K [0x00000000a0000000, 0x00000000a4480000, 0x00000000e0000000)
  object space 70144K, 22% used [0x00000000a0000000,0x00000000a0f6a4a8,0x00000000a4480000)
 Metaspace       used 43193K, capacity 44084K, committed 44160K, reserved 1087488K
  class space    used 5746K, capacity 5998K, committed 6016K, reserved 1048576K
}

